# JRE version: OpenJDK Runtime Environment (8.0_152-b02) (build 1.8.0_152-release-1024-b02)
# Java VM: OpenJDK 64-Bit Server VM (25.152-b02 mixed mode windows-amd64 compressed oops)
Heap:
 PSYoungGen      total 228352K, used 132823K [0x00000000e0000000, 0x00000000f0800000, 0x0000000100000000)
  eden space 192512K, 57% used [0x00000000e0000000,0x00000000e6b70030,0x00000000ebc00000)
  from space 35840K, 63% used [0x00000000ebc00000,0x00000000ed245c78,0x00000000edf00000)
  to   space 28672K, 0% used [0x00000000edf00000,0x00000000edf00000,0x00000000efb00000)
 ParOldGen       total 157696K, used 60972K [0x00000000a0000000, 0x00000000a9a00000, 0x00000000e0000000)
  object space 157696K, 38% used [0x00000000a0000000,0x00000000a3b8b238,0x00000000a9a00000)
 Metaspace       used 84628K, capacity 89094K, committed 89304K, reserved 1126400K
  class space    used 11050K, capacity 12002K, committed 12032K, reserved 1048576K
GC Heap History (10 events):
Event: 209.157 GC heap before
{Heap before GC invocations=24 (full 3):
 PSYoungGen      total 204800K, used 201936K [0x00000000e0000000, 0x00000000eec80000, 0x0000000100000000)
  eden space 180224K, 100% used [0x00000000e0000000,0x00000000eb000000,0x00000000eb000000)
  from space 24576K, 88% used [0x00000000eca00000,0x00000000edf34368,0x00000000ee200000)
  to   space 26624K, 0% used [0x00000000eb000000,0x00000000eb000000,0x00000000eca00000)
 ParOldGen       total 157696K, used 43237K [0x00000000a0000000, 0x00000000a9a00000, 0x00000000e0000000)
  object space 157696K, 27% used [0x00000000a0000000,0x00000000a2a397a8,0x00000000a9a00000)
 Metaspace       used 74802K, capacity 77808K, committed 78040K, reserved 1116160K
  class space    used 9742K, capacity 10471K, committed 10496K, reserved 1048576K
Event: 209.171 GC heap after
Heap after GC invocations=24 (full 3):
 PSYoungGen      total 206848K, used 22125K [0x00000000e0000000, 0x00000000efb00000, 0x0000000100000000)
  eden space 180224K, 0% used [0x00000000e0000000,0x00000000e0000000,0x00000000eb000000)
  from space 26624K, 83% used [0x00000000eb000000,0x00000000ec59b5d0,0x00000000eca00000)
  to   space 28672K, 0% used [0x00000000edf00000,0x00000000edf00000,0x00000000efb00000)
 ParOldGen       total 157696K, used 43245K [0x00000000a0000000, 0x00000000a9a00000, 0x00000000e0000000)
  object space 157696K, 27% used [0x00000000a0000000,0x00000000a2a3b7a8,0x00000000a9a00000)
 Metaspace       used 74802K, capacity 77808K, committed 78040K, reserved 1116160K
  class space    used 9742K, capacity 10471K, committed 10496K, reserved 1048576K
}
Event: 213.011 GC heap before
{Heap before GC invocations=25 (full 3):
 PSYoungGen      total 206848K, used 202349K [0x00000000e0000000, 0x00000000efb00000, 0x0000000100000000)
  eden space 180224K, 100% used [0x00000000e0000000,0x00000000eb000000,0x00000000eb000000)
  from space 26624K, 83% used [0x00000000eb000000,0x00000000ec59b5d0,0x00000000eca00000)
  to   space 28672K, 0% used [0x00000000edf00000,0x00000000edf00000,0x00000000efb00000)
 ParOldGen       total 157696K, used 43245K [0x00000000a0000000, 0x00000000a9a00000, 0x00000000e0000000)
  object space 157696K, 27% used [0x00000000a0000000,0x00000000a2a3b7a8,0x00000000a9a00000)
 Metaspace       used 83131K, capacity 87256K, committed 87384K, reserved 1124352K
  class space    used 10906K, capacity 11817K, committed 11904K, reserved 1048576K
Event: 213.040 GC heap after
Heap after GC invocations=25 (full 3):
 PSYoungGen      total 221184K, used 28652K [0x00000000e0000000, 0x00000000f0800000, 0x0000000100000000)
  eden space 192512K, 0% used [0x00000000e0000000,0x00000000e0000000,0x00000000ebc00000)
  from space 28672K, 99% used [0x00000000edf00000,0x00000000efafb1e0,0x00000000efb00000)
  to   space 35840K, 0% used [0x00000000ebc00000,0x00000000ebc00000,0x00000000edf00000)
 ParOldGen       total 157696K, used 51500K [0x00000000a0000000, 0x00000000a9a00000, 0x00000000e0000000)
  object space 157696K, 32% used [0x00000000a0000000,0x00000000a324b180,0x00000000a9a00000)
 Metaspace       used 83131K, capacity 87256K, committed 87384K, reserved 1124352K
  class space    used 10906K, capacity 11817K, committed 11904K, reserved 1048576K
}
Event: 213.653 GC heap before
{Heap before GC invocations=26 (full 3):
 PSYoungGen      total 221184K, used 221164K [0x00000000e0000000, 0x00000000f0800000, 0x0000000100000000)
  eden space 192512K, 100% used [0x00000000e0000000,0x00000000ebc00000,0x00000000ebc00000)
  from space 28672K, 99% used [0x00000000edf00000,0x00000000efafb1e0,0x00000000efb00000)
  to   space 35840K, 0% used [0x00000000ebc00000,0x00000000ebc00000,0x00000000edf00000)
 ParOldGen       total 157696K, used 51500K [0x00000000a0000000, 0x00000000a9a00000, 0x00000000e0000000)
  object space 157696K, 32% used [0x00000000a0000000,0x00000000a324b180,0x00000000a9a00000)
 Metaspace       used 83712K, capacity 87830K, committed 87896K, reserved 1126400K
  class space    used 10957K, capacity 11866K, committed 11904K, reserved 1048576K
Event: 213.678 GC heap after
Heap after GC invocations=26 (full 3):
 PSYoungGen      total 228352K, used 25063K [0x00000000e0000000, 0x00000000f0800000, 0x0000000100000000)
  eden space 192512K, 0% used [0x00000000e0000000,0x00000000e0000000,0x00000000ebc00000)
  from space 35840K, 69% used [0x00000000ebc00000,0x00000000ed479d98,0x00000000edf00000)
  to   space 28672K, 0% used [0x00000000edf00000,0x00000000edf00000,0x00000000efb00000)
 ParOldGen       total 157696K, used 55623K [0x00000000a0000000, 0x00000000a9a00000, 0x00000000e0000000)
  object space 157696K, 35% used [0x00000000a0000000,0x00000000a3651d08,0x00000000a9a00000)
 Metaspace       used 83712K, capacity 87830K, committed 87896K, reserved 1126400K
  class space    used 10957K, capacity 11866K, committed 11904K, reserved 1048576K
}
Event: 214.127 GC heap before
{Heap before GC invocations=27 (full 3):
 PSYoungGen      total 228352K, used 217575K [0x00000000e0000000, 0x00000000f0800000, 0x0000000100000000)
  eden space 192512K, 100% used [0x00000000e0000000,0x00000000ebc00000,0x00000000ebc00000)
  from space 35840K, 69% used [0x00000000ebc00000,0x00000000ed479d98,0x00000000edf00000)
  to   space 28672K, 0% used [0x00000000edf00000,0x00000000edf00000,0x00000000efb00000)
 ParOldGen       total 157696K, used 55623K [0x00000000a0000000, 0x00000000a9a00000, 0x00000000e0000000)
  object space 157696K, 35% used [0x00000000a0000000,0x00000000a3651d08,0x00000000a9a00000)
 Metaspace       used 84512K, capacity 88882K, committed 89048K, reserved 1126400K
  class space    used 11049K, capacity 12002K, committed 12032K, reserved 1048576K
Event: 214.145 GC heap after
Heap after GC invocations=27 (full 3):
 PSYoungGen      total 221184K, used 28658K [0x00000000e0000000, 0x00000000f0800000, 0x0000000100000000)
  eden space 192512K, 0% used [0x00000000e0000000,0x00000000e0000000,0x00000000ebc00000)
  from space 28672K, 99% used [0x00000000edf00000,0x00000000efafc860,0x00000000efb00000)
  to   space 35840K, 0% used [0x00000000ebc00000,0x00000000ebc00000,0x00000000edf00000)
 ParOldGen       total 157696K, used 55965K [0x00000000a0000000, 0x00000000a9a00000, 0x00000000e0000000)
  object space 157696K, 35% used [0x00000000a0000000,0x00000000a36a7600,0x00000000a9a00000)
 Metaspace       used 84512K, capacity 88882K, committed 89048K, reserved 1126400K
  class space    used 11049K, capacity 12002K, committed 12032K, reserved 1048576K
}
Event: 214.453 GC heap before
{Heap before GC invocations=28 (full 3):
 PSYoungGen      total 221184K, used 221170K [0x00000000e0000000, 0x00000000f0800000, 0x0000000100000000)
  eden space 192512K, 100% used [0x00000000e0000000,0x00000000ebc00000,0x00000000ebc00000)
  from space 28672K, 99% used [0x00000000edf00000,0x00000000efafc860,0x00000000efb00000)
  to   space 35840K, 0% used [0x00000000ebc00000,0x00000000ebc00000,0x00000000edf00000)
 ParOldGen       total 157696K, used 55965K [0x00000000a0000000, 0x00000000a9a00000, 0x00000000e0000000)
  object space 157696K, 35% used [0x00000000a0000000,0x00000000a36a7600,0x00000000a9a00000)
 Metaspace       used 84604K, capacity 89090K, committed 89304K, reserved 1126400K
  class space    used 11050K, capacity 12002K, committed 12032K, reserved 1048576K
Event: 214.479 GC heap after
Heap after GC invocations=28 (full 3):
 PSYoungGen      total 228352K, used 22807K [0x00000000e0000000, 0x00000000f0800000, 0x0000000100000000)
  eden space 192512K, 0% used [0x00000000e0000000,0x00000000e0000000,0x00000000ebc00000)
  from space 35840K, 63% used [0x00000000ebc00000,0x00000000ed245c78,0x00000000edf00000)
  to   space 28672K, 0% used [0x00000000edf00000,0x00000000edf00000,0x00000000efb00000)
 ParOldGen       total 157696K, used 60972K [0x00000000a0000000, 0x00000000a9a00000, 0x00000000e0000000)
  object space 157696K, 38% used [0x00000000a0000000,0x00000000a3b8b238,0x00000000a9a00000)
 Metaspace       used 84604K, capacity 89090K, committed 89304K, reserved 1126400K
  class space    used 11050K, capacity 12002K, committed 12032K, reserved 1048576K
}

