# JRE version: OpenJDK Runtime Environment (8.0_152-b02) (build 1.8.0_152-release-1024-b02)
# Java VM: OpenJDK 64-Bit Server VM (25.152-b02 mixed mode windows-amd64 compressed oops)
Heap:
 PSYoungGen      total 254976K, used 74785K [0x00000000e0000000, 0x00000000f0c00000, 0x0000000100000000)
  eden space 235520K, 31% used [0x00000000e0000000,0x00000000e47830b0,0x00000000ee600000)
  from space 19456K, 8% used [0x00000000ee600000,0x00000000ee7854e0,0x00000000ef900000)
  to   space 18432K, 0% used [0x00000000efa00000,0x00000000efa00000,0x00000000f0c00000)
 ParOldGen       total 147968K, used 43439K [0x00000000a0000000, 0x00000000a9080000, 0x00000000e0000000)
  object space 147968K, 29% used [0x00000000a0000000,0x00000000a2a6bf08,0x00000000a9080000)
 Metaspace       used 64100K, capacity 66954K, committed 67032K, reserved 1107968K
  class space    used 8629K, capacity 9172K, committed 9216K, reserved 1048576K
GC Heap History (10 events):
Event: 11.492 GC heap before
{Heap before GC invocations=22 (full 3):
 PSYoungGen      total 213504K, used 207645K [0x00000000e0000000, 0x00000000eec80000, 0x0000000100000000)
  eden space 193024K, 100% used [0x00000000e0000000,0x00000000ebc80000,0x00000000ebc80000)
  from space 20480K, 71% used [0x00000000ed100000,0x00000000edf47418,0x00000000ee500000)
  to   space 20992K, 0% used [0x00000000ebc80000,0x00000000ebc80000,0x00000000ed100000)
 ParOldGen       total 147968K, used 37055K [0x00000000a0000000, 0x00000000a9080000, 0x00000000e0000000)
  object space 147968K, 25% used [0x00000000a0000000,0x00000000a242fca8,0x00000000a9080000)
 Metaspace       used 63744K, capacity 66594K, committed 66776K, reserved 1107968K
  class space    used 8628K, capacity 9172K, committed 9216K, reserved 1048576K
Event: 11.508 GC heap after
Heap after GC invocations=22 (full 3):
 PSYoungGen      total 214016K, used 12861K [0x00000000e0000000, 0x00000000eec80000, 0x0000000100000000)
  eden space 193024K, 0% used [0x00000000e0000000,0x00000000e0000000,0x00000000ebc80000)
  from space 20992K, 61% used [0x00000000ebc80000,0x00000000ec90f500,0x00000000ed100000)
  to   space 20480K, 0% used [0x00000000ed100000,0x00000000ed100000,0x00000000ee500000)
 ParOldGen       total 147968K, used 37063K [0x00000000a0000000, 0x00000000a9080000, 0x00000000e0000000)
  object space 147968K, 25% used [0x00000000a0000000,0x00000000a2431ca8,0x00000000a9080000)
 Metaspace       used 63744K, capacity 66594K, committed 66776K, reserved 1107968K
  class space    used 8628K, capacity 9172K, committed 9216K, reserved 1048576K
}
Event: 11.884 GC heap before
{Heap before GC invocations=23 (full 3):
 PSYoungGen      total 214016K, used 205885K [0x00000000e0000000, 0x00000000eec80000, 0x0000000100000000)
  eden space 193024K, 100% used [0x00000000e0000000,0x00000000ebc80000,0x00000000ebc80000)
  from space 20992K, 61% used [0x00000000ebc80000,0x00000000ec90f500,0x00000000ed100000)
  to   space 20480K, 0% used [0x00000000ed100000,0x00000000ed100000,0x00000000ee500000)
 ParOldGen       total 147968K, used 37063K [0x00000000a0000000, 0x00000000a9080000, 0x00000000e0000000)
  object space 147968K, 25% used [0x00000000a0000000,0x00000000a2431ca8,0x00000000a9080000)
 Metaspace       used 63903K, capacity 66806K, committed 67032K, reserved 1107968K
  class space    used 8629K, capacity 9172K, committed 9216K, reserved 1048576K
Event: 11.900 GC heap after
Heap after GC invocations=23 (full 3):
 PSYoungGen      total 214016K, used 6716K [0x00000000e0000000, 0x00000000f0d00000, 0x0000000100000000)
  eden space 193536K, 0% used [0x00000000e0000000,0x00000000e0000000,0x00000000ebd00000)
  from space 20480K, 32% used [0x00000000ed100000,0x00000000ed78f398,0x00000000ee500000)
  to   space 20480K, 0% used [0x00000000ebd00000,0x00000000ebd00000,0x00000000ed100000)
 ParOldGen       total 147968K, used 42583K [0x00000000a0000000, 0x00000000a9080000, 0x00000000e0000000)
  object space 147968K, 28% used [0x00000000a0000000,0x00000000a2995ee8,0x00000000a9080000)
 Metaspace       used 63903K, capacity 66806K, committed 67032K, reserved 1107968K
  class space    used 8629K, capacity 9172K, committed 9216K, reserved 1048576K
}
Event: 12.180 GC heap before
{Heap before GC invocations=24 (full 3):
 PSYoungGen      total 214016K, used 200252K [0x00000000e0000000, 0x00000000f0d00000, 0x0000000100000000)
  eden space 193536K, 100% used [0x00000000e0000000,0x00000000ebd00000,0x00000000ebd00000)
  from space 20480K, 32% used [0x00000000ed100000,0x00000000ed78f398,0x00000000ee500000)
  to   space 20480K, 0% used [0x00000000ebd00000,0x00000000ebd00000,0x00000000ed100000)
 ParOldGen       total 147968K, used 42583K [0x00000000a0000000, 0x00000000a9080000, 0x00000000e0000000)
  object space 147968K, 28% used [0x00000000a0000000,0x00000000a2995ee8,0x00000000a9080000)
 Metaspace       used 63955K, capacity 66810K, committed 67032K, reserved 1107968K
  class space    used 8629K, capacity 9172K, committed 9216K, reserved 1048576K
Event: 12.193 GC heap after
Heap after GC invocations=24 (full 3):
 PSYoungGen      total 214016K, used 8775K [0x00000000e0000000, 0x00000000f0d80000, 0x0000000100000000)
  eden space 193536K, 0% used [0x00000000e0000000,0x00000000e0000000,0x00000000ebd00000)
  from space 20480K, 42% used [0x00000000ebd00000,0x00000000ec591fd8,0x00000000ed100000)
  to   space 19968K, 0% used [0x00000000efa00000,0x00000000efa00000,0x00000000f0d80000)
 ParOldGen       total 147968K, used 43319K [0x00000000a0000000, 0x00000000a9080000, 0x00000000e0000000)
  object space 147968K, 29% used [0x00000000a0000000,0x00000000a2a4df08,0x00000000a9080000)
 Metaspace       used 63955K, capacity 66810K, committed 67032K, reserved 1107968K
  class space    used 8629K, capacity 9172K, committed 9216K, reserved 1048576K
}
Event: 12.444 GC heap before
{Heap before GC invocations=25 (full 3):
 PSYoungGen      total 214016K, used 202311K [0x00000000e0000000, 0x00000000f0d80000, 0x0000000100000000)
  eden space 193536K, 100% used [0x00000000e0000000,0x00000000ebd00000,0x00000000ebd00000)
  from space 20480K, 42% used [0x00000000ebd00000,0x00000000ec591fd8,0x00000000ed100000)
  to   space 19968K, 0% used [0x00000000efa00000,0x00000000efa00000,0x00000000f0d80000)
 ParOldGen       total 147968K, used 43319K [0x00000000a0000000, 0x00000000a9080000, 0x00000000e0000000)
  object space 147968K, 29% used [0x00000000a0000000,0x00000000a2a4df08,0x00000000a9080000)
 Metaspace       used 63998K, capacity 66878K, committed 67032K, reserved 1107968K
  class space    used 8629K, capacity 9172K, committed 9216K, reserved 1048576K
Event: 12.453 GC heap after
Heap after GC invocations=25 (full 3):
 PSYoungGen      total 253952K, used 8280K [0x00000000e0000000, 0x00000000f0c00000, 0x0000000100000000)
  eden space 235520K, 0% used [0x00000000e0000000,0x00000000e0000000,0x00000000ee600000)
  from space 18432K, 44% used [0x00000000efa00000,0x00000000f0216040,0x00000000f0c00000)
  to   space 19456K, 0% used [0x00000000ee600000,0x00000000ee600000,0x00000000ef900000)
 ParOldGen       total 147968K, used 43407K [0x00000000a0000000, 0x00000000a9080000, 0x00000000e0000000)
  object space 147968K, 29% used [0x00000000a0000000,0x00000000a2a63f08,0x00000000a9080000)
 Metaspace       used 63998K, capacity 66878K, committed 67032K, reserved 1107968K
  class space    used 8629K, capacity 9172K, committed 9216K, reserved 1048576K
}
Event: 12.885 GC heap before
{Heap before GC invocations=26 (full 3):
 PSYoungGen      total 253952K, used 243800K [0x00000000e0000000, 0x00000000f0c00000, 0x0000000100000000)
  eden space 235520K, 100% used [0x00000000e0000000,0x00000000ee600000,0x00000000ee600000)
  from space 18432K, 44% used [0x00000000efa00000,0x00000000f0216040,0x00000000f0c00000)
  to   space 19456K, 0% used [0x00000000ee600000,0x00000000ee600000,0x00000000ef900000)
 ParOldGen       total 147968K, used 43407K [0x00000000a0000000, 0x00000000a9080000, 0x00000000e0000000)
  object space 147968K, 29% used [0x00000000a0000000,0x00000000a2a63f08,0x00000000a9080000)
 Metaspace       used 64086K, capacity 66954K, committed 67032K, reserved 1107968K
  class space    used 8629K, capacity 9172K, committed 9216K, reserved 1048576K
Event: 12.889 GC heap after
Heap after GC invocations=26 (full 3):
 PSYoungGen      total 254976K, used 1557K [0x00000000e0000000, 0x00000000f0c00000, 0x0000000100000000)
  eden space 235520K, 0% used [0x00000000e0000000,0x00000000e0000000,0x00000000ee600000)
  from space 19456K, 8% used [0x00000000ee600000,0x00000000ee7854e0,0x00000000ef900000)
  to   space 18432K, 0% used [0x00000000efa00000,0x00000000efa00000,0x00000000f0c00000)
 ParOldGen       total 147968K, used 43439K [0x00000000a0000000, 0x00000000a9080000, 0x00000000e0000000)
  object space 147968K, 29% used [0x00000000a0000000,0x00000000a2a6bf08,0x00000000a9080000)
 Metaspace       used 64086K, capacity 66954K, committed 67032K, reserved 1107968K
  class space    used 8629K, capacity 9172K, committed 9216K, reserved 1048576K
}

