# JRE version: OpenJDK Runtime Environment (8.0_152-b02) (build 1.8.0_152-release-1024-b02)
# Java VM: OpenJDK 64-Bit Server VM (25.152-b02 mixed mode windows-amd64 compressed oops)
Heap:
 PSYoungGen      total 194560K, used 29842K [0x00000000e0000000, 0x00000000ede80000, 0x0000000100000000)
  eden space 169472K, 11% used [0x00000000e0000000,0x00000000e12ece28,0x00000000ea580000)
  from space 25088K, 41% used [0x00000000ea580000,0x00000000eafb7c08,0x00000000ebe00000)
  to   space 19456K, 0% used [0x00000000ebe00000,0x00000000ebe00000,0x00000000ed100000)
 ParOldGen       total 166400K, used 46069K [0x00000000a0000000, 0x00000000aa280000, 0x00000000e0000000)
  object space 166400K, 27% used [0x00000000a0000000,0x00000000a2cfd5a8,0x00000000aa280000)
 Metaspace       used 62173K, capacity 64662K, committed 64920K, reserved 1105920K
  class space    used 8479K, capacity 9024K, committed 9136K, reserved 1048576K
GC Heap History (10 events):
Event: 5.385 GC heap before
{Heap before GC invocations=10 (full 2):
 PSYoungGen      total 140800K, used 131072K [0x00000000e0000000, 0x00000000ea980000, 0x0000000100000000)
  eden space 131072K, 100% used [0x00000000e0000000,0x00000000e8000000,0x00000000e8000000)
  from space 9728K, 0% used [0x00000000e8000000,0x00000000e8000000,0x00000000e8980000)
  to   space 12288K, 0% used [0x00000000e9d80000,0x00000000e9d80000,0x00000000ea980000)
 ParOldGen       total 103424K, used 19295K [0x00000000a0000000, 0x00000000a6500000, 0x00000000e0000000)
  object space 103424K, 18% used [0x00000000a0000000,0x00000000a12d7e70,0x00000000a6500000)
 Metaspace       used 43880K, capacity 44850K, committed 45096K, reserved 1087488K
  class space    used 6052K, capacity 6344K, committed 6448K, reserved 1048576K
Event: 5.395 GC heap after
Heap after GC invocations=10 (full 2):
 PSYoungGen      total 158720K, used 12286K [0x00000000e0000000, 0x00000000ec980000, 0x0000000100000000)
  eden space 146432K, 0% used [0x00000000e0000000,0x00000000e0000000,0x00000000e8f00000)
  from space 12288K, 99% used [0x00000000e9d80000,0x00000000ea97faa8,0x00000000ea980000)
  to   space 14848K, 0% used [0x00000000e8f00000,0x00000000e8f00000,0x00000000e9d80000)
 ParOldGen       total 103424K, used 21299K [0x00000000a0000000, 0x00000000a6500000, 0x00000000e0000000)
  object space 103424K, 20% used [0x00000000a0000000,0x00000000a14ccfe0,0x00000000a6500000)
 Metaspace       used 43880K, capacity 44850K, committed 45096K, reserved 1087488K
  class space    used 6052K, capacity 6344K, committed 6448K, reserved 1048576K
}
Event: 7.299 GC heap before
{Heap before GC invocations=11 (full 2):
 PSYoungGen      total 158720K, used 158718K [0x00000000e0000000, 0x00000000ec980000, 0x0000000100000000)
  eden space 146432K, 100% used [0x00000000e0000000,0x00000000e8f00000,0x00000000e8f00000)
  from space 12288K, 99% used [0x00000000e9d80000,0x00000000ea97faa8,0x00000000ea980000)
  to   space 14848K, 0% used [0x00000000e8f00000,0x00000000e8f00000,0x00000000e9d80000)
 ParOldGen       total 103424K, used 21299K [0x00000000a0000000, 0x00000000a6500000, 0x00000000e0000000)
  object space 103424K, 20% used [0x00000000a0000000,0x00000000a14ccfe0,0x00000000a6500000)
 Metaspace       used 53235K, capacity 54840K, committed 55080K, reserved 1097728K
  class space    used 7307K, capacity 7695K, committed 7728K, reserved 1048576K
Event: 7.315 GC heap after
Heap after GC invocations=11 (full 2):
 PSYoungGen      total 161280K, used 14845K [0x00000000e0000000, 0x00000000ed100000, 0x0000000100000000)
  eden space 146432K, 0% used [0x00000000e0000000,0x00000000e0000000,0x00000000e8f00000)
  from space 14848K, 99% used [0x00000000e8f00000,0x00000000e9d7f500,0x00000000e9d80000)
  to   space 19456K, 0% used [0x00000000ebe00000,0x00000000ebe00000,0x00000000ed100000)
 ParOldGen       total 103424K, used 28264K [0x00000000a0000000, 0x00000000a6500000, 0x00000000e0000000)
  object space 103424K, 27% used [0x00000000a0000000,0x00000000a1b9a040,0x00000000a6500000)
 Metaspace       used 53235K, capacity 54840K, committed 55080K, reserved 1097728K
  class space    used 7307K, capacity 7695K, committed 7728K, reserved 1048576K
}
Event: 8.389 GC heap before
{Heap before GC invocations=12 (full 2):
 PSYoungGen      total 161280K, used 102386K [0x00000000e0000000, 0x00000000ed100000, 0x0000000100000000)
  eden space 146432K, 59% used [0x00000000e0000000,0x00000000e557d470,0x00000000e8f00000)
  from space 14848K, 99% used [0x00000000e8f00000,0x00000000e9d7f500,0x00000000e9d80000)
  to   space 19456K, 0% used [0x00000000ebe00000,0x00000000ebe00000,0x00000000ed100000)
 ParOldGen       total 103424K, used 28264K [0x00000000a0000000, 0x00000000a6500000, 0x00000000e0000000)
  object space 103424K, 27% used [0x00000000a0000000,0x00000000a1b9a040,0x00000000a6500000)
 Metaspace       used 57056K, capacity 59082K, committed 59160K, reserved 1099776K
  class space    used 7736K, capacity 8186K, committed 8240K, reserved 1048576K
Event: 8.409 GC heap after
Heap after GC invocations=12 (full 2):
 PSYoungGen      total 188928K, used 19430K [0x00000000e0000000, 0x00000000ede80000, 0x0000000100000000)
  eden space 169472K, 0% used [0x00000000e0000000,0x00000000e0000000,0x00000000ea580000)
  from space 19456K, 99% used [0x00000000ebe00000,0x00000000ed0f9810,0x00000000ed100000)
  to   space 25088K, 0% used [0x00000000ea580000,0x00000000ea580000,0x00000000ebe00000)
 ParOldGen       total 103424K, used 35486K [0x00000000a0000000, 0x00000000a6500000, 0x00000000e0000000)
  object space 103424K, 34% used [0x00000000a0000000,0x00000000a22a7968,0x00000000a6500000)
 Metaspace       used 57056K, capacity 59082K, committed 59160K, reserved 1099776K
  class space    used 7736K, capacity 8186K, committed 8240K, reserved 1048576K
}
Event: 8.409 GC heap before
{Heap before GC invocations=13 (full 3):
 PSYoungGen      total 188928K, used 19430K [0x00000000e0000000, 0x00000000ede80000, 0x0000000100000000)
  eden space 169472K, 0% used [0x00000000e0000000,0x00000000e0000000,0x00000000ea580000)
  from space 19456K, 99% used [0x00000000ebe00000,0x00000000ed0f9810,0x00000000ed100000)
  to   space 25088K, 0% used [0x00000000ea580000,0x00000000ea580000,0x00000000ebe00000)
 ParOldGen       total 103424K, used 35486K [0x00000000a0000000, 0x00000000a6500000, 0x00000000e0000000)
  object space 103424K, 34% used [0x00000000a0000000,0x00000000a22a7968,0x00000000a6500000)
 Metaspace       used 57056K, capacity 59082K, committed 59160K, reserved 1099776K
  class space    used 7736K, capacity 8186K, committed 8240K, reserved 1048576K
Event: 8.578 GC heap after
Heap after GC invocations=13 (full 3):
 PSYoungGen      total 188928K, used 0K [0x00000000e0000000, 0x00000000ede80000, 0x0000000100000000)
  eden space 169472K, 0% used [0x00000000e0000000,0x00000000e0000000,0x00000000ea580000)
  from space 19456K, 0% used [0x00000000ebe00000,0x00000000ebe00000,0x00000000ed100000)
  to   space 25088K, 0% used [0x00000000ea580000,0x00000000ea580000,0x00000000ebe00000)
 ParOldGen       total 166400K, used 46061K [0x00000000a0000000, 0x00000000aa280000, 0x00000000e0000000)
  object space 166400K, 27% used [0x00000000a0000000,0x00000000a2cfb5a8,0x00000000aa280000)
 Metaspace       used 56946K, capacity 58794K, committed 59160K, reserved 1099776K
  class space    used 7697K, capacity 8118K, committed 8240K, reserved 1048576K
}
Event: 9.430 GC heap before
{Heap before GC invocations=14 (full 3):
 PSYoungGen      total 188928K, used 169472K [0x00000000e0000000, 0x00000000ede80000, 0x0000000100000000)
  eden space 169472K, 100% used [0x00000000e0000000,0x00000000ea580000,0x00000000ea580000)
  from space 19456K, 0% used [0x00000000ebe00000,0x00000000ebe00000,0x00000000ed100000)
  to   space 25088K, 0% used [0x00000000ea580000,0x00000000ea580000,0x00000000ebe00000)
 ParOldGen       total 166400K, used 46061K [0x00000000a0000000, 0x00000000aa280000, 0x00000000e0000000)
  object space 166400K, 27% used [0x00000000a0000000,0x00000000a2cfb5a8,0x00000000aa280000)
 Metaspace       used 62144K, capacity 64662K, committed 64920K, reserved 1105920K
  class space    used 8479K, capacity 9024K, committed 9136K, reserved 1048576K
Event: 9.441 GC heap after
Heap after GC invocations=14 (full 3):
 PSYoungGen      total 194560K, used 10463K [0x00000000e0000000, 0x00000000ede80000, 0x0000000100000000)
  eden space 169472K, 0% used [0x00000000e0000000,0x00000000e0000000,0x00000000ea580000)
  from space 25088K, 41% used [0x00000000ea580000,0x00000000eafb7c08,0x00000000ebe00000)
  to   space 19456K, 0% used [0x00000000ebe00000,0x00000000ebe00000,0x00000000ed100000)
 ParOldGen       total 166400K, used 46069K [0x00000000a0000000, 0x00000000aa280000, 0x00000000e0000000)
  object space 166400K, 27% used [0x00000000a0000000,0x00000000a2cfd5a8,0x00000000aa280000)
 Metaspace       used 62144K, capacity 64662K, committed 64920K, reserved 1105920K
  class space    used 8479K, capacity 9024K, committed 9136K, reserved 1048576K
}

